<?xml version="1.0" encoding="UTF-8"?>
<!-- Generated by org.testng.reporters.JUnitReportReporter -->
<testsuite hostname="SAGITEC-2463" failures="0" tests="2" name="com.aspire.testcases.LoginPageTestCase" time="11.881" errors="0" timestamp="2022-02-15T21:18:40 IST" skipped="0">
  <testcase classname="com.aspire.testcases.LoginPageTestCase" name="VerifyLoginPageTitle" time="5.170"/>
  <system-out/>
  <testcase classname="com.aspire.testcases.LoginPageTestCase" name="VerifyLoginSuccessful" time="6.711"/>
  <system-out/>
</testsuite> <!-- com.aspire.testcases.LoginPageTestCase -->
