<?xml version="1.0" encoding="UTF-8"?>
<!-- Generated by org.testng.reporters.JUnitReportReporter -->
<testsuite hostname="SAGITEC-2463" failures="0" tests="2" name="com.aspire.testcases.ManufacturingPageTestCase" time="29.125" errors="0" timestamp="2022-02-15T21:18:40 IST" skipped="0">
  <testcase classname="com.aspire.testcases.ManufacturingPageTestCase" name="verifyLoginSuccessful" time="6.480"/>
  <system-out/>
  <testcase classname="com.aspire.testcases.ManufacturingPageTestCase" name="verifyManufacutureCreated" time="22.645"/>
  <system-out/>
</testsuite> <!-- com.aspire.testcases.ManufacturingPageTestCase -->
