<?xml version="1.0" encoding="UTF-8"?>
<!-- Generated by org.testng.reporters.JUnitReportReporter -->
<testsuite hostname="SAGITEC-2463" failures="0" tests="1" name="com.aspire.testcases.ManufacturingPageTestCase" time="21.183" errors="0" timestamp="2022-02-15T22:03:16 IST" skipped="0">
  <testcase classname="com.aspire.testcases.ManufacturingPageTestCase" name="verifyManufacutureCreated" time="21.183"/>
  <system-out/>
</testsuite> <!-- com.aspire.testcases.ManufacturingPageTestCase -->
