<?xml version="1.0" encoding="UTF-8"?>
<!-- Generated by org.testng.reporters.JUnitReportReporter -->
<testsuite hostname="SAGITEC-2463" failures="0" tests="2" name="com.aspire.testcases.LoginPageTestCase" time="10.130" errors="0" timestamp="2022-02-15T22:03:16 IST" skipped="0">
  <testcase classname="com.aspire.testcases.LoginPageTestCase" name="VerifyLoginPageTitle" time="4.295"/>
  <system-out/>
  <testcase classname="com.aspire.testcases.LoginPageTestCase" name="VerifyLoginSuccessful" time="5.835"/>
  <system-out/>
</testsuite> <!-- com.aspire.testcases.LoginPageTestCase -->
