<?xml version="1.0" encoding="UTF-8"?>
<!-- Generated by org.testng.reporters.JUnitReportReporter -->
<testsuite hostname="SAGITEC-2463" failures="0" tests="2" name="com.aspire.testcases.InventoryPageTestCase" time="19.033" errors="0" timestamp="2022-02-15T14:35:20 IST" skipped="0">
  <testcase classname="com.aspire.testcases.InventoryPageTestCase" name="VerifyLoginSuccessful" time="6.389"/>
  <system-out/>
  <testcase classname="com.aspire.testcases.InventoryPageTestCase" name="CreateNewProduct" time="12.644"/>
  <system-out/>
</testsuite> <!-- com.aspire.testcases.InventoryPageTestCase -->
